unique_id,timestamp,y_pred,y_proba,query,model_version,runtime
b79602b3-1f9d-4357-bff5-a59f70d2275d,1612177691.635543,"[  9828.56962693  15949.21520035   3420.6182061    5024.95077998
   8039.39163108  12241.14052208  18291.34915234  27697.24933967
  -7547.1602233  -12234.55268354]",None,"{'date': '01/08/2019', 'country': 'united kingdom'}",0.1,000:00:00
6c554647-f207-4d21-8861-4b417daa13b7,1612200331.4998348,"[16554.235      22144.64       13554.39777778 16612.92538462
 22462.5432     28731.76037037 37276.21807692 48939.11352941
 16083.59222222 13711.76666667]",None,"{'date': '01/08/2019', 'country': 'united kingdom'}",0.1,000:00:00
cf251375-5ba7-4951-a35c-e1ad69cb47ba,1612276545.246623,"[16554.235      22144.64       13554.39777778 16612.92538462
 22462.5432     28731.76037037 37276.21807692 48939.11352941
 16083.59222222 13711.76666667]",None,"{'date': '01/08/2019', 'country': 'united kingdom'}",0.1,000:00:00
7f2eadee-bb50-47b0-adc3-458f3a674708,1612281336.44051,"[16554.235      22144.64       13554.39777778 16612.92538462
 22462.5432     28731.76037037 37276.21807692 48939.11352941
 16083.59222222 13711.76666667]",None,"{'date': '01/08/2019', 'country': 'united kingdom'}",0.1,000:00:00
cad5f8ba-d8a5-4842-945f-1f71bc11d5fd,1612282572.0347872,"[16554.235      22144.64       13554.39777778 16612.92538462
 22462.5432     28731.76037037 37276.21807692 48939.11352941
 16083.59222222 13711.76666667]",None,"{'date': '01/08/2019', 'country': 'united kingdom'}",0.1,000:00:00
e68c4f78-f31e-48c4-a2d0-8261ca10ba24,1612284652.897307,"[16554.235      22144.64       13554.39777778 16612.92538462
 22462.5432     28731.76037037 37276.21807692 48939.11352941
 16083.59222222 13711.76666667]",None,"{'date': '01/08/2019', 'country': 'united kingdom'}",0.1,000:00:00
b823bef6-0119-4001-966d-8ea903097f83,1612285490.4219751,"[16554.235      22144.64       13554.39777778 16612.92538462
 22462.5432     28731.76037037 37276.21807692 48939.11352941
 16083.59222222 13711.76666667]",None,"{'date': '01/08/2019', 'country': 'united kingdom'}",0.1,000:00:00
4c019131-9708-4b47-994e-45ed9b51f135,1612290666.642578,"[16554.235      22144.64       13554.39777778 16612.92538462
 22462.5432     28731.76037037 37276.21807692 48939.11352941
 16083.59222222 13711.76666667]",None,"{'date': '01/08/2019', 'country': 'united kingdom'}",0.1,000:00:00
f09270a4-75df-4299-866f-d9c84b6accf1,1612290886.588594,"[16554.235      22144.64       13554.39777778 16612.92538462
 22462.5432     28731.76037037 37276.21807692 48939.11352941
 16083.59222222 13711.76666667]",None,"{'date': '01/08/2019', 'country': 'united kingdom'}",0.1,000:00:00
001d455f-3e58-4ab1-b8f9-560aebd9c3af,1612339320.657037,"[16554.235      22144.64       13554.39777778 16612.92538462
 22462.5432     28731.76037037 37276.21807692 48939.11352941
 16083.59222222 13711.76666667]",None,"{'date': '01/08/2019', 'country': 'united kingdom'}",0.1,000:00:00
a1156acd-a97a-4b55-a368-ae4c7a281238,1612339363.354506,"[16554.235      22144.64       13554.39777778 16612.92538462
 22462.5432     28731.76037037 37276.21807692 48939.11352941
 16083.59222222 13711.76666667]",None,"{'country': 'United Kingdom', 'date': '01/08/2019'}",0.1,000:00:00
399ef78c-5626-4138-9a04-f5d75a3b467c,1612339520.775102,"[16554.235      22144.64       13554.39777778 16612.92538462
 22462.5432     28731.76037037 37276.21807692 48939.11352941
 16083.59222222 13711.76666667]",None,"{'country': 'United Kingdom', 'date': '01/08/2019'}",0.1,000:00:00
614d83cc-f568-44dd-940b-badcf5327a41,1612339866.721445,"[16554.235      22144.64       13554.39777778 16612.92538462
 22462.5432     28731.76037037 37276.21807692 48939.11352941
 16083.59222222 13711.76666667]",None,"{'country': 'United Kingdom', 'date': '01/08/2019'}",0.1,000:00:00
35a64bc9-e696-4035-bc62-5099bed846bc,1612339892.811832,"[16554.235      22144.64       13554.39777778 16612.92538462
 22462.5432     28731.76037037 37276.21807692 48939.11352941
 16083.59222222 13711.76666667]",None,"{'country': 'United Kingdom', 'date': '01/08/2019'}",0.1,000:00:00
e83c0615-edb6-42cc-a7e3-e31f37ab737b,1612339919.530244,"[16554.235      22144.64       13554.39777778 16612.92538462
 22462.5432     28731.76037037 37276.21807692 48939.11352941
 16083.59222222 13711.76666667]",None,"{'country': 'United Kingdom', 'date': '01/08/2019'}",0.1,000:00:00
4f001aa3-03b0-44eb-a10d-015daa214e42,1612339979.447423,"[16554.235      22144.64       13554.39777778 16612.92538462
 22462.5432     28731.76037037 37276.21807692 48939.11352941
 16083.59222222 13711.76666667]",None,"{'country': 'United Kingdom', 'date': '01/08/2019'}",0.1,000:00:00
493c6f34-4948-42fc-b3a8-1be6730a03fb,1612340069.97606,"[16554.235      22144.64       13554.39777778 16612.92538462
 22462.5432     28731.76037037 37276.21807692 48939.11352941
 16083.59222222 13711.76666667]",None,"{'country': 'United Kingdom', 'date': '01/08/2019'}",0.1,000:00:00
bea08329-1294-4b01-9296-e9e9df213fea,1612340082.5559092,"[16554.235      22144.64       13554.39777778 16612.92538462
 22462.5432     28731.76037037 37276.21807692 48939.11352941
 16083.59222222 13711.76666667]",None,"{'country': 'United Kingdom', 'date': '01/08/2019'}",0.1,000:00:00
1012e64b-8bc9-4854-b2a6-daeeb3b5c08d,1612358661.9253771,"[28731.76037037 37276.21807692 48939.11352941 16083.59222222
 13711.76666667 15405.74269231 17659.83571429 16284.0908
 23004.52576923 25921.58333333]",None,"{'date': '01/08/2019', 'country': 'united kingdom'}",0.1,000:00:00
426f8b12-eb91-4ed5-856b-6cfafc102c61,1612432488.962044,"[28731.76037037 37276.21807692 48939.11352941 16083.59222222
 13711.76666667 15405.74269231 17659.83571429 16284.0908
 23004.52576923 25921.58333333]",None,"{'date': '01/08/2019', 'country': 'united kingdom'}",0.1,000:00:00
e6b8c867-a38c-49bc-8e26-7fcd5ce8969e,1612438747.227287,"[15405.74269231 17659.83571429 16284.0908     23004.52576923
 25921.58333333 36219.1612     50999.35166667 16284.0908
 23004.52576923 25921.58333333]",None,"{'date': '01/08/2019', 'country': 'united kingdom'}",0.1,000:00:00
42d01d88-6179-4c11-87d1-896bfe91daea,1612438980.2892501,"[28731.76037037 37276.21807692 48939.11352941 16083.59222222
 13711.76666667 15405.74269231 17659.83571429 16284.0908
 23004.52576923 25921.58333333]",None,"{'date': '01/08/2019', 'country': 'united kingdom'}",0.1,000:00:00
6719f7e9-f73d-41bb-a367-033ea85faeff,1612439229.645344,"[28731.76037037 37276.21807692 48939.11352941 16083.59222222
 13711.76666667 15405.74269231 17659.83571429 16284.0908
 23004.52576923 25921.58333333]",None,"{'date': '01/08/2019', 'country': 'united kingdom'}",0.1,000:00:00
5ae7fc24-8d1f-4b85-9caa-270281e574ef,1612439329.43619,"[28731.76037037 37276.21807692 48939.11352941 16083.59222222
 13711.76666667 15405.74269231 17659.83571429 16284.0908
 23004.52576923 25921.58333333]",None,"{'date': '01/08/2019', 'country': 'united kingdom'}",0.1,000:00:00
afe4f281-4381-4fe0-a6c0-cf98f78016c0,1612440021.352841,"[28731.76037037 37276.21807692 48939.11352941 16083.59222222
 13711.76666667 15405.74269231 17659.83571429 16284.0908
 23004.52576923 25921.58333333]",None,"{'date': '01/08/2019', 'country': 'united kingdom'}",0.1,000:00:00
f62689be-c275-47ae-b938-fb3813cfba64,1612445482.421642,"[16554.235      22144.64       13554.39777778 16612.92538462
 22462.5432     28731.76037037 37276.21807692 48939.11352941
 16083.59222222 13711.76666667]",None,"{'date': '01/08/2019', 'country': 'united kingdom'}",0.1,000:00:00
03023d62-8fb6-48f1-badc-56c78afdd0dc,1612445592.029867,"[16554.235      22144.64       13554.39777778 16612.92538462
 22462.5432     28731.76037037 37276.21807692 48939.11352941
 16083.59222222 13711.76666667]",None,"{'country': 'United Kingdom', 'date': '01/08/2019'}",0.1,000:00:00
37f026e1-5a2c-416e-8e40-f97ed3ebe18d,1612445636.511515,"[16554.235      22144.64       13554.39777778 16612.92538462
 22462.5432     28731.76037037 37276.21807692 48939.11352941
 16083.59222222 13711.76666667]",None,"{'country': 'United Kingdom', 'date': '01/08/2019'}",0.1,000:00:00
9ba9e346-eac7-46c9-84ac-3ab76b560ab9,1612446053.532825,"[16554.235      22144.64       13554.39777778 16612.92538462
 22462.5432     28731.76037037 37276.21807692 48939.11352941
 16083.59222222 13711.76666667]",None,"{'country': 'United Kingdom', 'date': '01/08/2019'}",0.1,000:00:00
337f159e-1ddd-475c-ba35-96890c5088f3,1612446078.3049119,"[16554.235      22144.64       13554.39777778 16612.92538462
 22462.5432     28731.76037037 37276.21807692 48939.11352941
 16083.59222222 13711.76666667]",None,"{'country': 'United Kingdom', 'date': '01/08/2019'}",0.1,000:00:00
16bedd3c-408f-48e3-b16a-acea11507eae,1612450929.593493,"[16554.235      22144.64       13554.39777778 16612.92538462
 22462.5432     28731.76037037 37276.21807692 48939.11352941
 16083.59222222 13711.76666667]",None,"{'country': 'United Kingdom', 'date': '01/08/2019'}",0.1,000:00:00
292e9020-2962-4f80-85ec-2418debde66b,1612451378.017689,"[16554.235      22144.64       13554.39777778 16612.92538462
 22462.5432     28731.76037037 37276.21807692 48939.11352941
 16083.59222222 13711.76666667]",None,"{'country': 'United Kingdom', 'date': '01/08/2019'}",0.1,000:00:00
b60eb897-a1ea-4766-83ea-cbef3a1a31a5,1612451396.833058,"[16554.235      22144.64       13554.39777778 16612.92538462
 22462.5432     28731.76037037 37276.21807692 48939.11352941
 16083.59222222 13711.76666667]",None,"{'country': 'United Kingdom', 'date': '01/08/2019'}",0.1,000:00:00
